Cache directory created at: cache
Starting the application
Cache directory created at: cache
Starting the application
User searched for stock: AAPL
Cached data found for symbol: AAPL_data
Data loaded from cache for symbol: AAPL
Cached data found for symbol: AAPL_overview
Overview data loaded from cache for symbol: AAPL
Stock plot for AAPL generated successfully.
Retraining model...
Stock data processed successfully for training.
Model retrained successfully.
Stock price predictions for the next 7 days for AAPL generated successfully.
Stock price predictions plot for AAPL generated successfully.
Rendering analysis page for stock: AAPL
User searched for stock: AAPLEE
No cached data found for symbol: AAPLEE_data
Data cached for symbol: AAPLEE_data
Data loaded from API for symbol: AAPLEE
No cached data found for symbol: AAPLEE_overview
Data cached for symbol: AAPLEE_overview
Overview data loaded from API for symbol: AAPLEE
User searched for stock: AMZN
Cached data found for symbol: AMZN_data
Data loaded from cache for symbol: AMZN
Cached data found for symbol: AMZN_overview
Overview data loaded from cache for symbol: AMZN
Stock plot for AMZN generated successfully.
Retraining model...
Stock data processed successfully for training.
Model retrained successfully.
Stock price predictions for the next 7 days for AMZN generated successfully.
Stock price predictions plot for AMZN generated successfully.
Rendering analysis page for stock: AMZN
Cache directory created at: cache
Starting the application
Cache directory created at: cache
Starting the application
User searched for stock: AAPL
Cached data found for symbol: AAPL_data
Data loaded from cache for symbol: AAPL
Cached data found for symbol: AAPL_overview
Overview data loaded from cache for symbol: AAPL
Stock plot for AAPL generated successfully.
Stock price predictions for the next 7 days for AAPL generated successfully.
Stock price predictions plot for AAPL generated successfully.
Rendering analysis page for stock: AAPL
User searched for stock: AAPL
Cached data found for symbol: AAPL_data
Data loaded from cache for symbol: AAPL
Cached data found for symbol: AAPL_overview
Overview data loaded from cache for symbol: AAPL
Stock plot for AAPL generated successfully.
Stock price predictions for the next 7 days for AAPL generated successfully.
Stock price predictions plot for AAPL generated successfully.
Rendering analysis page for stock: AAPL
User searched for stock: AMZN
Cached data found for symbol: AMZN_data
Data loaded from cache for symbol: AMZN
Cached data found for symbol: AMZN_overview
Overview data loaded from cache for symbol: AMZN
Stock plot for AMZN generated successfully.
Stock price predictions for the next 7 days for AMZN generated successfully.
Stock price predictions plot for AMZN generated successfully.
Rendering analysis page for stock: AMZN
Cache directory created at: cache
Starting the application
Cache directory created at: cache
Starting the application
User searched for stock: AAPL, retrain: False
Cache directory created at: cache
Starting the application
Cache directory created at: cache
Starting the application
Cached data found for symbol: AAPL_data
Data loaded from cache for symbol: AAPL
Cached data found for symbol: AAPL_overview
Overview data loaded from cache for symbol: AAPL
Stock plot for AAPL generated successfully.
Stock price predictions for the next 7 days for AAPL generated successfully.
Stock price predictions plot for AAPL generated successfully.
Rendering analysis page for stock: AAPL
User searched for stock: AAPL, retrain: False
Cached data found for symbol: AAPL_data
Data loaded from cache for symbol: AAPL
Cached data found for symbol: AAPL_overview
Overview data loaded from cache for symbol: AAPL
Stock plot for AAPL generated successfully.
Stock price predictions for the next 7 days for AAPL generated successfully.
Stock price predictions plot for AAPL generated successfully.
Rendering analysis page for stock: AAPL
User searched for stock: AAPL, retrain: True
Cached data found for symbol: AAPL_data
Data loaded from cache for symbol: AAPL
Cached data found for symbol: AAPL_overview
Overview data loaded from cache for symbol: AAPL
Stock plot for AAPL generated successfully.
Retraining model...
Stock data processed successfully for training.
Model retrained successfully.
Stock price predictions for the next 7 days for AAPL generated successfully.
Stock price predictions plot for AAPL generated successfully.
Rendering analysis page for stock: AAPL
Cache directory created at: cache
Starting the application
Cache directory created at: cache
Starting the application
User searched for stock: AAPL, retrain: True
Cached data found for symbol: AAPL_data
Data loaded from cache for symbol: AAPL
Cached data found for symbol: AAPL_overview
Overview data loaded from cache for symbol: AAPL
Stock plot for AAPL generated successfully.
Retraining model...
Stock data processed successfully for training.
Model retrained successfully.
Stock price predictions for the next 7 days for AAPL generated successfully.
Stock price predictions plot for AAPL generated successfully.
Rendering analysis page for stock: AAPL
Cache directory created at: cache
Starting the application
Cache directory created at: cache
Starting the application
User searched for stock: AAPL, retrain: False
No cached data found for symbol: AAPL_data
Data cached for symbol: AAPL_data
Data loaded from API for symbol: AAPL
No cached data found for symbol: AAPL_overview
Data cached for symbol: AAPL_overview
Overview data loaded from API for symbol: AAPL
Stock plot for AAPL generated successfully.
Stock price predictions for the next 7 days for AAPL generated successfully.
Stock price predictions plot for AAPL generated successfully.
Rendering analysis page for stock: AAPL
User searched for stock: AAPL, retrain: False
Cached data found for symbol: AAPL_data
Data loaded from cache for symbol: AAPL
Cached data found for symbol: AAPL_overview
Overview data loaded from cache for symbol: AAPL
Stock plot for AAPL generated successfully.
Stock price predictions for the next 7 days for AAPL generated successfully.
Stock price predictions plot for AAPL generated successfully.
Rendering analysis page for stock: AAPL
User searched for stock: AAPL, retrain: True
Cached data found for symbol: AAPL_data
Data loaded from cache for symbol: AAPL
Cached data found for symbol: AAPL_overview
Overview data loaded from cache for symbol: AAPL
Stock plot for AAPL generated successfully.
Retraining model...
Stock data processed successfully for training.
Model retrained successfully.
Stock price predictions for the next 7 days for AAPL generated successfully.
Stock price predictions plot for AAPL generated successfully.
Rendering analysis page for stock: AAPL
User searched for stock: aapl, retrain: False
Cached data found for symbol: aapl_data
Data loaded from cache for symbol: aapl
Cached data found for symbol: aapl_overview
Overview data loaded from cache for symbol: aapl
Stock plot for aapl generated successfully.
Stock price predictions for the next 7 days for aapl generated successfully.
Stock price predictions plot for aapl generated successfully.
Rendering analysis page for stock: aapl
User searched for stock: aapleee, retrain: False
No cached data found for symbol: aapleee_data
Data cached for symbol: aapleee_data
Data loaded from API for symbol: aapleee
No cached data found for symbol: aapleee_overview
Data cached for symbol: aapleee_overview
Overview data loaded from API for symbol: aapleee
Cache directory created at: cache
Starting the application
Cache directory created at: cache
Starting the application
User searched for stock: asafas, retrain: False
No cached data found for symbol: asafas_data
Data cached for symbol: asafas_data
Data loaded from API for symbol: asafas
No cached data found for symbol: asafas_overview
Data cached for symbol: asafas_overview
Overview data loaded from API for symbol: asafas
Cache directory created at: cache
Starting the application
Cache directory created at: cache
Starting the application
User searched for stock: asfafas, retrain: False
No cached data found for symbol: asfafas_data
Data cached for symbol: asfafas_data
Data loaded from API for symbol: asfafas
No cached data found for symbol: asfafas_overview
Data cached for symbol: asfafas_overview
Overview data loaded from API for symbol: asfafas
Cache directory created at: cache
Starting the application
Cache directory created at: cache
Starting the application
User searched for stock: asfasfasf, retrain: False
No cached data found for symbol: asfasfasf_data
Data cached for symbol: asfasfasf_data
Data loaded from API for symbol: asfasfasf
No cached data found for symbol: asfasfasf_overview
Data cached for symbol: asfasfasf_overview
Overview data loaded from API for symbol: asfasfasf
Error in fetching data for stock: asfasfasf
Cache directory created at: cache
Starting the application
Cache directory created at: cache
Starting the application
Cached data found for symbol: asfasfasf_data
Data loaded from cache for symbol: asfasfasf
Cached data found for symbol: asfasfasf_overview
Data cached for symbol: asfasfasf_overview
Overview data loaded from API for symbol: asfasfasf
Error in fetching data for stock: asfasfasf
Cache directory created at: cache
Starting the application
Cache directory created at: cache
Starting the application
Cached data found for symbol: asfasfasf_data
Data loaded from cache for symbol: asfasfasf
Cached data found for symbol: asfasfasf_overview
Data cached for symbol: asfasfasf_overview
Overview data loaded from API for symbol: asfasfasf
Error in fetching data for stock: asfasfasf
Cache directory created at: cache
Starting the application
Cache directory created at: cache
Starting the application
Cached data found for symbol: asfasfasf_data
Data loaded from cache for symbol: asfasfasf
Cached data found for symbol: asfasfasf_overview
Data cached for symbol: asfasfasf_overview
Overview data loaded from API for symbol: asfasfasf
Error in fetching data for stock: asfasfasf
Cache directory created at: cache
Starting the application
Cache directory created at: cache
Starting the application
Cached data found for symbol: asfasfasf_data
Data loaded from cache for symbol: asfasfasf
Cached data found for symbol: asfasfasf_overview
Data cached for symbol: asfasfasf_overview
Overview data loaded from API for symbol: asfasfasf
Error in fetching data for stock: asfasfasf
Cache directory created at: cache
Starting the application
Cache directory created at: cache
Starting the application
Cached data found for symbol: asfasfasf_data
Data loaded from cache for symbol: asfasfasf
Cached data found for symbol: asfasfasf_overview
Data cached for symbol: asfasfasf_overview
Overview data loaded from API for symbol: asfasfasf
Error in fetching data for stock: asfasfasf
Cache directory created at: cache
Starting the application
Cache directory created at: cache
Starting the application
Cached data found for symbol: asfasfasf_data
Data loaded from cache for symbol: asfasfasf
Cached data found for symbol: asfasfasf_overview
Data cached for symbol: asfasfasf_overview
Overview data loaded from API for symbol: asfasfasf
Error in fetching data for stock: asfasfasf
Cache directory created at: cache
Starting the application
Cache directory created at: cache
Starting the application
Cached data found for symbol: asfasfasf_data
Data loaded from cache for symbol: asfasfasf
Cached data found for symbol: asfasfasf_overview
Data cached for symbol: asfasfasf_overview
Overview data loaded from API for symbol: asfasfasf
Error in fetching data for stock: asfasfasf
Cache directory created at: cache
Starting the application
Cache directory created at: cache
Starting the application
Cached data found for symbol: asfasfasf_data
Data loaded from cache for symbol: asfasfasf
Cached data found for symbol: asfasfasf_overview
Data cached for symbol: asfasfasf_overview
Overview data loaded from API for symbol: asfasfasf
Error in fetching data for stock: asfasfasf
Cached data found for symbol: asfasfasf_data
Data loaded from cache for symbol: asfasfasf
Cached data found for symbol: asfasfasf_overview
Data cached for symbol: asfasfasf_overview
Overview data loaded from API for symbol: asfasfasf
Error in fetching data for stock: asfasfasf
User searched for stock: asfasfasf, retrain: False
Cached data found for symbol: asfasfasf_data
Data loaded from cache for symbol: asfasfasf
Cached data found for symbol: asfasfasf_overview
Data cached for symbol: asfasfasf_overview
Overview data loaded from API for symbol: asfasfasf
Error in fetching data for stock: asfasfasf
